<?xml version="1.0" encoding="UTF-8"?>
<!-- Generated by org.testng.reporters.JUnitXMLReporter -->
<testsuite hostname="DESKTOP-VTBT3RG" ignored="0" name="Default test" tests="3" failures="0" timestamp="2023-04-02T14:43:33 IST" time="0.058" errors="0">
  <testcase name="Testcase2" time="0.01" classname="TestNGBasics.firstclass"/>
  <testcase name="Testcase1" time="0.003" classname="TestNGBasics.firstclass"/>
  <testcase name="Testcase3" time="0.001" classname="TestNGBasics.firstclass"/>
</testsuite> <!-- Default test -->
