<?xml version="1.0" encoding="UTF-8"?>
<!-- Generated by org.testng.reporters.JUnitXMLReporter -->
<testsuite hostname="DESKTOP-VTBT3RG" ignored="0" name="Test1" tests="4" failures="0" timestamp="2023-04-02T14:53:25 IST" time="0.019" errors="0">
  <testcase name="Testcase2" time="0.002" classname="TestNGBasics.firstclass"/>
  <testcase name="Testcase1" time="0.001" classname="TestNGBasics.firstclass"/>
  <testcase name="Testcase3" time="0.002" classname="TestNGBasics.firstclass"/>
  <testcase name="testcase1insecondclass" time="0.002" classname="TestNGBasics.secondclass"/>
</testsuite> <!-- Test1 -->
