<?xml version="1.0" encoding="UTF-8"?>
<!-- Generated by org.testng.reporters.JUnitXMLReporter -->
<testsuite hostname="DESKTOP-VTBT3RG" ignored="0" name="Test" tests="5" failures="1" timestamp="2023-04-09T15:21:36 IST" time="44.644" errors="0">
  <testcase name="FacebookLoginandLogout" time="10.594" classname="Testcase.FacebookLoginandLogout"/>
  <testcase name="FacebookLoginandLogout" time="9.235" classname="Testcase.FacebookLoginandLogout"/>
  <testcase name="FacebookLoginandLogout" time="9.815" classname="Testcase.FacebookLoginandLogout"/>
  <testcase name="FacebookLoginandLogout" time="9.269" classname="Testcase.FacebookLoginandLogout"/>
  <testcase name="FacebookInvalidLogin" time="4.547" classname="Testcase.FacebookLoginandLogout">
    <failure type="java.lang.AssertionError" message="expected [The email address or mobile number you entered isn&amp;apos;t connected to an account. Find your account and log in.] but found [The email address or mobile number you entered isn&amp;apos;t connected to an account. Create a new Facebook account.]">
      <![CDATA[java.lang.AssertionError: expected [The email address or mobile number you entered isn't connected to an account. Find your account and log in.] but found [The email address or mobile number you entered isn't connected to an account. Create a new Facebook account.]
at Testcase.FacebookLoginandLogout.FacebookInvalidLogin(FacebookLoginandLogout.java:82)
at java.util.ArrayList.forEach(ArrayList.java:1259)
... Removed 37 stack frames]]>
    </failure>
  </testcase> <!-- FacebookInvalidLogin -->
</testsuite> <!-- Test -->
