<?xml version="1.0" encoding="UTF-8"?>
<testng-results skipped="0" failed="1" ignored="0" total="5" passed="4">
  <reporter-output>
  </reporter-output>
  <suite name="Suite" duration-ms="43343" started-at="2023-04-09T15:10:43 IST" finished-at="2023-04-09T15:11:26 IST">
    <groups>
    </groups>
    <test name="Test" duration-ms="43343" started-at="2023-04-09T15:10:43 IST" finished-at="2023-04-09T15:11:26 IST">
      <class name="Testcase.FacebookLoginandLogout">
        <test-method status="PASS" signature="browserlaunch()[pri:0, instance:Testcase.FacebookLoginandLogout@3578436e]" name="browserlaunch" is-config="true" duration-ms="2041" started-at="2023-04-09T15:10:41 IST" finished-at="2023-04-09T15:10:43 IST">
          <reporter-output>
          </reporter-output>
        </test-method> <!-- browserlaunch -->
        <test-method status="PASS" signature="EnterURL()[pri:0, instance:Testcase.FacebookLoginandLogout@3578436e]" name="EnterURL" is-config="true" duration-ms="772" started-at="2023-04-09T15:10:43 IST" finished-at="2023-04-09T15:10:44 IST">
          <reporter-output>
          </reporter-output>
        </test-method> <!-- EnterURL -->
        <test-method status="PASS" signature="FacebookLoginandLogout(java.lang.String,java.lang.String)[pri:0, instance:Testcase.FacebookLoginandLogout@3578436e]" name="FacebookLoginandLogout" duration-ms="9894" started-at="2023-04-09T15:10:44 IST" data-provider="testdata" finished-at="2023-04-09T15:10:54 IST">
          <params>
            <param index="0">
              <value>
                <![CDATA[kumar.sathish189@gmail.com]]>
              </value>
            </param>
            <param index="1">
              <value>
                <![CDATA[Admin@123]]>
              </value>
            </param>
          </params>
          <reporter-output>
          </reporter-output>
        </test-method> <!-- FacebookLoginandLogout -->
        <test-method status="PASS" signature="FacebookLoginandLogout(java.lang.String,java.lang.String)[pri:0, instance:Testcase.FacebookLoginandLogout@3578436e]" name="FacebookLoginandLogout" duration-ms="10202" started-at="2023-04-09T15:10:54 IST" data-provider="testdata" finished-at="2023-04-09T15:11:04 IST">
          <params>
            <param index="0">
              <value>
                <![CDATA[kumar.sathish189@gmail.com]]>
              </value>
            </param>
            <param index="1">
              <value>
                <![CDATA[Admin@123]]>
              </value>
            </param>
          </params>
          <reporter-output>
          </reporter-output>
        </test-method> <!-- FacebookLoginandLogout -->
        <test-method status="PASS" signature="FacebookLoginandLogout(java.lang.String,java.lang.String)[pri:0, instance:Testcase.FacebookLoginandLogout@3578436e]" name="FacebookLoginandLogout" duration-ms="8718" started-at="2023-04-09T15:11:04 IST" data-provider="testdata" finished-at="2023-04-09T15:11:13 IST">
          <params>
            <param index="0">
              <value>
                <![CDATA[kumar.sathish189@gmail.com]]>
              </value>
            </param>
            <param index="1">
              <value>
                <![CDATA[Admin@123]]>
              </value>
            </param>
          </params>
          <reporter-output>
          </reporter-output>
        </test-method> <!-- FacebookLoginandLogout -->
        <test-method status="PASS" signature="FacebookLoginandLogout(java.lang.String,java.lang.String)[pri:0, instance:Testcase.FacebookLoginandLogout@3578436e]" name="FacebookLoginandLogout" duration-ms="8951" started-at="2023-04-09T15:11:13 IST" data-provider="testdata" finished-at="2023-04-09T15:11:22 IST">
          <params>
            <param index="0">
              <value>
                <![CDATA[kumar.sathish189@gmail.com]]>
              </value>
            </param>
            <param index="1">
              <value>
                <![CDATA[Admin@123]]>
              </value>
            </param>
          </params>
          <reporter-output>
          </reporter-output>
        </test-method> <!-- FacebookLoginandLogout -->
        <test-method status="FAIL" signature="FacebookInvalidLogin()[pri:1, instance:Testcase.FacebookLoginandLogout@3578436e]" name="FacebookInvalidLogin" duration-ms="4358" started-at="2023-04-09T15:11:22 IST" finished-at="2023-04-09T15:11:26 IST">
          <exception class="java.lang.AssertionError">
            <message>
              <![CDATA[expected [The email address or mobile number you entered isn't connected to an account. Find your account and log in.] but found [The email address or mobile number you entered isn't connected to an account. Create a new Facebook account.]]]>
            </message>
            <full-stacktrace>
              <![CDATA[java.lang.AssertionError: expected [The email address or mobile number you entered isn't connected to an account. Find your account and log in.] but found [The email address or mobile number you entered isn't connected to an account. Create a new Facebook account.]
at org.testng.Assert.fail(Assert.java:99)
at org.testng.Assert.failNotEquals(Assert.java:1037)
at org.testng.Assert.assertEqualsImpl(Assert.java:140)
at org.testng.Assert.assertEquals(Assert.java:122)
at org.testng.Assert.assertEquals(Assert.java:629)
at org.testng.Assert.assertEquals(Assert.java:639)
at Testcase.FacebookLoginandLogout.FacebookInvalidLogin(FacebookLoginandLogout.java:82)
at sun.reflect.NativeMethodAccessorImpl.invoke0(Native Method)
at sun.reflect.NativeMethodAccessorImpl.invoke(NativeMethodAccessorImpl.java:62)
at sun.reflect.DelegatingMethodAccessorImpl.invoke(DelegatingMethodAccessorImpl.java:43)
at java.lang.reflect.Method.invoke(Method.java:498)
at org.testng.internal.MethodInvocationHelper.invokeMethod(MethodInvocationHelper.java:133)
at org.testng.internal.TestInvoker.invokeMethod(TestInvoker.java:598)
at org.testng.internal.TestInvoker.invokeTestMethod(TestInvoker.java:173)
at org.testng.internal.MethodRunner.runInSequence(MethodRunner.java:46)
at org.testng.internal.TestInvoker$MethodInvocationAgent.invoke(TestInvoker.java:824)
at org.testng.internal.TestInvoker.invokeTestMethods(TestInvoker.java:146)
at org.testng.internal.TestMethodWorker.invokeTestMethods(TestMethodWorker.java:146)
at org.testng.internal.TestMethodWorker.run(TestMethodWorker.java:128)
at java.util.ArrayList.forEach(ArrayList.java:1259)
at org.testng.TestRunner.privateRun(TestRunner.java:794)
at org.testng.TestRunner.run(TestRunner.java:596)
at org.testng.SuiteRunner.runTest(SuiteRunner.java:377)
at org.testng.SuiteRunner.runSequentially(SuiteRunner.java:371)
at org.testng.SuiteRunner.privateRun(SuiteRunner.java:332)
at org.testng.SuiteRunner.run(SuiteRunner.java:276)
at org.testng.SuiteRunnerWorker.runSuite(SuiteRunnerWorker.java:53)
at org.testng.SuiteRunnerWorker.run(SuiteRunnerWorker.java:96)
at org.testng.TestNG.runSuitesSequentially(TestNG.java:1212)
at org.testng.TestNG.runSuitesLocally(TestNG.java:1134)
at org.testng.TestNG.runSuites(TestNG.java:1063)
at org.testng.TestNG.run(TestNG.java:1031)
at org.testng.remote.AbstractRemoteTestNG.run(AbstractRemoteTestNG.java:115)
at org.testng.remote.RemoteTestNG.initAndRun(RemoteTestNG.java:251)
at org.testng.remote.RemoteTestNG.main(RemoteTestNG.java:77)
]]>
            </full-stacktrace>
          </exception> <!-- java.lang.AssertionError -->
          <reporter-output>
          </reporter-output>
        </test-method> <!-- FacebookInvalidLogin -->
        <test-method status="FAIL" signature="TearDown()[pri:0, instance:Testcase.FacebookLoginandLogout@3578436e]" name="TearDown" is-config="true" duration-ms="2" started-at="2023-04-09T15:11:26 IST" finished-at="2023-04-09T15:11:26 IST">
          <exception class="java.lang.NullPointerException">
            <full-stacktrace>
              <![CDATA[java.lang.NullPointerException
at Testcase.FacebookLoginandLogout.TearDown(FacebookLoginandLogout.java:92)
at sun.reflect.NativeMethodAccessorImpl.invoke0(Native Method)
at sun.reflect.NativeMethodAccessorImpl.invoke(NativeMethodAccessorImpl.java:62)
at sun.reflect.DelegatingMethodAccessorImpl.invoke(DelegatingMethodAccessorImpl.java:43)
at java.lang.reflect.Method.invoke(Method.java:498)
at org.testng.internal.MethodInvocationHelper.invokeMethod(MethodInvocationHelper.java:133)
at org.testng.internal.MethodInvocationHelper.invokeMethodConsideringTimeout(MethodInvocationHelper.java:62)
at org.testng.internal.ConfigInvoker.invokeConfigurationMethod(ConfigInvoker.java:385)
at org.testng.internal.ConfigInvoker.invokeConfigurations(ConfigInvoker.java:321)
at org.testng.SuiteRunner.privateRun(SuiteRunner.java:344)
at org.testng.SuiteRunner.run(SuiteRunner.java:276)
at org.testng.SuiteRunnerWorker.runSuite(SuiteRunnerWorker.java:53)
at org.testng.SuiteRunnerWorker.run(SuiteRunnerWorker.java:96)
at org.testng.TestNG.runSuitesSequentially(TestNG.java:1212)
at org.testng.TestNG.runSuitesLocally(TestNG.java:1134)
at org.testng.TestNG.runSuites(TestNG.java:1063)
at org.testng.TestNG.run(TestNG.java:1031)
at org.testng.remote.AbstractRemoteTestNG.run(AbstractRemoteTestNG.java:115)
at org.testng.remote.RemoteTestNG.initAndRun(RemoteTestNG.java:251)
at org.testng.remote.RemoteTestNG.main(RemoteTestNG.java:77)
]]>
            </full-stacktrace>
          </exception> <!-- java.lang.NullPointerException -->
          <reporter-output>
          </reporter-output>
        </test-method> <!-- TearDown -->
      </class> <!-- Testcase.FacebookLoginandLogout -->
    </test> <!-- Test -->
  </suite> <!-- Suite -->
</testng-results>
