<?xml version="1.0" encoding="UTF-8"?>
<testng-results skipped="0" failed="0" ignored="0" total="1" passed="1">
  <reporter-output>
  </reporter-output>
  <suite name="Suite" duration-ms="1657" started-at="2023-04-02T15:24:20 IST" finished-at="2023-04-02T15:24:21 IST">
    <groups>
    </groups>
    <test name="Test" duration-ms="1657" started-at="2023-04-02T15:24:20 IST" finished-at="2023-04-02T15:24:21 IST">
      <class name="Testcase.FacebookLoginandLogout">
        <test-method status="PASS" signature="browserlaunch()[pri:0, instance:Testcase.FacebookLoginandLogout@64485a47]" name="browserlaunch" is-config="true" duration-ms="3728" started-at="2023-04-02T15:24:16 IST" finished-at="2023-04-02T15:24:20 IST">
          <reporter-output>
          </reporter-output>
        </test-method> <!-- browserlaunch -->
        <test-method status="PASS" signature="EnterURL()[pri:0, instance:Testcase.FacebookLoginandLogout@64485a47]" name="EnterURL" is-config="true" duration-ms="1219" started-at="2023-04-02T15:24:20 IST" finished-at="2023-04-02T15:24:21 IST">
          <reporter-output>
          </reporter-output>
        </test-method> <!-- EnterURL -->
        <test-method status="PASS" signature="FacebookLoginandLogout()[pri:0, instance:Testcase.FacebookLoginandLogout@64485a47]" name="FacebookLoginandLogout" duration-ms="404" started-at="2023-04-02T15:24:21 IST" finished-at="2023-04-02T15:24:21 IST">
          <reporter-output>
          </reporter-output>
        </test-method> <!-- FacebookLoginandLogout -->
        <test-method status="PASS" signature="TearDown()[pri:0, instance:Testcase.FacebookLoginandLogout@64485a47]" name="TearDown" is-config="true" duration-ms="651" started-at="2023-04-02T15:24:21 IST" finished-at="2023-04-02T15:24:22 IST">
          <reporter-output>
          </reporter-output>
        </test-method> <!-- TearDown -->
      </class> <!-- Testcase.FacebookLoginandLogout -->
    </test> <!-- Test -->
  </suite> <!-- Suite -->
</testng-results>
